<?xml version="1.0" encoding="UTF-8"?>
<!-- Generated by org.testng.reporters.JUnitXMLReporter -->
<testsuite hostname="BLRETV-C02Y.Dlink" ignored="0" name="Get User Tests" tests="3" failures="0" timestamp="2020-08-31T19:55:46 IST" time="3.614" errors="0">
  <testcase name="getLocation" time="1.586" classname="com.halodoc.tests.FindRestaurant"/>
  <testcase name="getLocationDetails" time="1.049" classname="com.halodoc.tests.FindRestaurant"/>
  <testcase name="getResturantInBudget" time="0.939" classname="com.halodoc.tests.FindRestaurant"/>
</testsuite> <!-- Get User Tests -->
